-------------------------------------------------------------------------------------------
openssl.exe speed test
-------------------------------------------------------------------------------------------
speed aes-256-cbc
-------------------------------------------------------------------------------------------
Doing aes-256 cbc for 3s on 16 size blocks: 41230852 aes-256 cbc's in 3.00s
Doing aes-256 cbc for 3s on 64 size blocks: 10798736 aes-256 cbc's in 3.00s
Doing aes-256 cbc for 3s on 256 size blocks: 2730279 aes-256 cbc's in 3.00s
Doing aes-256 cbc for 3s on 1024 size blocks: 687333 aes-256 cbc's in 3.00s
Doing aes-256 cbc for 3s on 8192 size blocks: 85515 aes-256 cbc's in 3.00s
Doing aes-256 cbc for 3s on 16384 size blocks: 42865 aes-256 cbc's in 3.00s
OpenSSL 1.1.0f  25 May 2017
built on: reproducible build, date unspecified
options:bn(64,64) rc4(int) des(long) aes(partial) idea(int) blowfish(ptr) 
compiler: cl " "VC-WIN64A
The 'numbers' are in 1000s of bytes per second processed.
type             16 bytes     64 bytes    256 bytes   1024 bytes   8192 bytes  16384 bytes
aes-256 cbc     219897.88k   230373.03k   232983.81k   234609.66k   233512.96k   234100.05k
-------------------------------------------------------------------------------------------
speed rsa
-------------------------------------------------------------------------------------------
Doing 512 bit private rsa's for 10s: 68064 512 bit private RSA's in 10.00s
Doing 512 bit public rsa's for 10s: 1020482 512 bit public RSA's in 10.00s
Doing 1024 bit private rsa's for 10s: 16367 1024 bit private RSA's in 10.00s
Doing 1024 bit public rsa's for 10s: 360817 1024 bit public RSA's in 9.98s
Doing 2048 bit private rsa's for 10s: 2777 2048 bit private RSA's in 10.00s
Doing 2048 bit public rsa's for 10s: 112938 2048 bit public RSA's in 10.00s
Doing 3072 bit private rsa's for 10s: 932 3072 bit private RSA's in 10.00s
Doing 3072 bit public rsa's for 10s: 51459 3072 bit public RSA's in 10.00s
Doing 4096 bit private rsa's for 10s: 441 4096 bit private RSA's in 9.98s
Doing 4096 bit public rsa's for 10s: 32336 4096 bit public RSA's in 10.00s
Doing 7680 bit private rsa's for 10s: 72 7680 bit private RSA's in 10.00s
Doing 7680 bit public rsa's for 10s: 8873 7680 bit public RSA's in 9.97s
Doing 15360 bit private rsa's for 10s: 10 15360 bit private RSA's in 10.42s
Doing 15360 bit public rsa's for 10s: 2281 15360 bit public RSA's in 9.98s
OpenSSL 1.1.0f  25 May 2017
built on: reproducible build, date unspecified
options:bn(64,64) rc4(int) des(long) aes(partial) idea(int) blowfish(ptr) 
compiler: cl " "VC-WIN64A
                  sign    verify    sign/s verify/s
rsa  512 bits 0.000147s 0.000010s   6806.4 102048.2
rsa 1024 bits 0.000611s 0.000028s   1636.7  36138.2
rsa 2048 bits 0.003601s 0.000089s    277.7  11293.8
rsa 3072 bits 0.010730s 0.000194s     93.2   5145.9
rsa 4096 bits 0.022640s 0.000309s     44.2   3233.6
rsa 7680 bits 0.138889s 0.001123s      7.2    890.1
rsa 15360 bits 1.042188s 0.004377s      1.0    228.5
-------------------------------------------------------------------------------------------
-------------------------------------------------------------------------------------------
Encrypt\Decrypt RSA 4096 bit -> file 327 KB
-------------------------------------------------------------------------------------------
enc -> public dec-> private
-------------------------------------------------------------------------------------------
enc public:  2453  ms
dec private: 40884 ms
enc public:  2388  ms
dec private: 40754 ms
enc public:  2270  ms
dec private: 40984 ms
enc public:  2290  ms
dec private: 41478 ms
enc public:  2585  ms
dec private: 40697 ms
=AVERAGE
enc public:  2397,2  ms
dec private: 40959,4 ms
-------------------------------------------------------------------------------------------
enc -> private dec-> public
-------------------------------------------------------------------------------------------
enc private: 40584 ms
dec public:  1634  ms
enc private: 41305 ms
dec public:  1598  ms
enc private: 41950 ms
dec public:  1703  ms
enc private: 43441 ms
dec public:  1894  ms
enc private: 40561 ms
dec public:  1690  ms
=AVERAGE
enc private: 41568,2 ms
dec public:  1703,8  ms
-------------------------------------------------------------------------------------------
-------------------------------------------------------------------------------------------